Started on Sep 25, 2020 1:57:00 PM
Using strategy: Default
[poll] Last Built Revision: Revision 39bb365a2b1fb264d5f25d9fcfe26060001867ae (refs/remotes/origin/master)
Selected Git installation does not exist. Using Default
The recommended git tool is: NONE
No credentials specified
 > /usr/bin/git --version # timeout=10
 > git --version # 'git version 2.17.1'
 > /usr/bin/git ls-remote -h -- https://github.com/Ms-27/Spring-Boot-Hello-World-Example # timeout=10
Found 1 remote heads on https://github.com/Ms-27/Spring-Boot-Hello-World-Example
[poll] Latest remote head revision on refs/heads/master is: 39bb365a2b1fb264d5f25d9fcfe26060001867ae - already built by 3
Using strategy: Default
Selected Git installation does not exist. Using Default
The recommended git tool is: NONE
No credentials specified
 > /usr/bin/git --version # timeout=10
 > git --version # 'git version 2.17.1'
 > /usr/bin/git ls-remote -h -- https://github.com/Ms-27/Spring-Boot-Hello-World-Example.git # timeout=10
Found 1 remote heads on https://github.com/Ms-27/Spring-Boot-Hello-World-Example.git
[poll] Latest remote head revision on refs/heads/master is: 39bb365a2b1fb264d5f25d9fcfe26060001867ae
Done. Took 1.5 sec
Changes found
